<testsuites id="" name="" tests="110" failures="110" skipped="0" errors="0" time="21.726311999999997">
<testsuite name="complete-flow.spec.js" timestamp="2025-09-29T19:53:33.912Z" hostname="chromium" tests="11" failures="11" skipped="0" time="0.054" errors="0">
<testcase name="IKU Cábala Activa - Flujo Completo E2E › Carga inicial y elementos críticos" classname="complete-flow.spec.js" time="0.005">
<failure message="complete-flow.spec.js:16:3 Carga inicial y elementos críticos" type="FAILURE">
<![CDATA[  [chromium] › complete-flow.spec.js:16:3 › IKU Cábala Activa - Flujo Completo E2E › Carga inicial y elementos críticos 

    Error: browserType.launch: Executable doesn't exist at /home/codespace/.cache/ms-playwright/chromium_headless_shell-1187/chrome-linux/headless_shell
    ╔═════════════════════════════════════════════════════════════════════════╗
    ║ Looks like Playwright Test or Playwright was just installed or updated. ║
    ║ Please run the following command to download new browsers:              ║
    ║                                                                         ║
    ║     npx playwright install                                              ║
    ║                                                                         ║
    ║ <3 Playwright Team                                                      ║
    ╚═════════════════════════════════════════════════════════════════════════╝
]]>
</failure>
</testcase>
<testcase name="IKU Cábala Activa - Flujo Completo E2E › Navegación y secciones principales" classname="complete-flow.spec.js" time="0.005">
<failure message="complete-flow.spec.js:37:3 Navegación y secciones principales" type="FAILURE">
<![CDATA[  [chromium] › complete-flow.spec.js:37:3 › IKU Cábala Activa - Flujo Completo E2E › Navegación y secciones principales 

    Error: browserType.launch: Executable doesn't exist at /home/codespace/.cache/ms-playwright/chromium_headless_shell-1187/chrome-linux/headless_shell
    ╔═════════════════════════════════════════════════════════════════════════╗
    ║ Looks like Playwright Test or Playwright was just installed or updated. ║
    ║ Please run the following command to download new browsers:              ║
    ║                                                                         ║
    ║     npx playwright install                                              ║
    ║                                                                         ║
    ║ <3 Playwright Team                                                      ║
    ╚═════════════════════════════════════════════════════════════════════════╝
]]>
</failure>
</testcase>
<testcase name="IKU Cábala Activa - Flujo Completo E2E › Herramientas espirituales - Interacción completa" classname="complete-flow.spec.js" time="0.004">
<failure message="complete-flow.spec.js:62:3 Herramientas espirituales - Interacción completa" type="FAILURE">
<![CDATA[  [chromium] › complete-flow.spec.js:62:3 › IKU Cábala Activa - Flujo Completo E2E › Herramientas espirituales - Interacción completa 

    Error: browserType.launch: Executable doesn't exist at /home/codespace/.cache/ms-playwright/chromium_headless_shell-1187/chrome-linux/headless_shell
    ╔═════════════════════════════════════════════════════════════════════════╗
    ║ Looks like Playwright Test or Playwright was just installed or updated. ║
    ║ Please run the following command to download new browsers:              ║
    ║                                                                         ║
    ║     npx playwright install                                              ║
    ║                                                                         ║
    ║ <3 Playwright Team                                                      ║
    ╚═════════════════════════════════════════════════════════════════════════╝
]]>
</failure>
</testcase>
<testcase name="IKU Cábala Activa - Flujo Completo E2E › Formulario de contacto - Validación completa" classname="complete-flow.spec.js" time="0.005">
<failure message="complete-flow.spec.js:89:3 Formulario de contacto - Validación completa" type="FAILURE">
<![CDATA[  [chromium] › complete-flow.spec.js:89:3 › IKU Cábala Activa - Flujo Completo E2E › Formulario de contacto - Validación completa 

    Error: browserType.launch: Executable doesn't exist at /home/codespace/.cache/ms-playwright/chromium_headless_shell-1187/chrome-linux/headless_shell
    ╔═════════════════════════════════════════════════════════════════════════╗
    ║ Looks like Playwright Test or Playwright was just installed or updated. ║
    ║ Please run the following command to download new browsers:              ║
    ║                                                                         ║
    ║     npx playwright install                                              ║
    ║                                                                         ║
    ║ <3 Playwright Team                                                      ║
    ╚═════════════════════════════════════════════════════════════════════════╝
]]>
</failure>
</testcase>
<testcase name="IKU Cábala Activa - Flujo Completo E2E › WhatsApp integration" classname="complete-flow.spec.js" time="0.006">
<failure message="complete-flow.spec.js:115:3 WhatsApp integration" type="FAILURE">
<![CDATA[  [chromium] › complete-flow.spec.js:115:3 › IKU Cábala Activa - Flujo Completo E2E › WhatsApp integration 

    Error: browserType.launch: Executable doesn't exist at /home/codespace/.cache/ms-playwright/chromium_headless_shell-1187/chrome-linux/headless_shell
    ╔═════════════════════════════════════════════════════════════════════════╗
    ║ Looks like Playwright Test or Playwright was just installed or updated. ║
    ║ Please run the following command to download new browsers:              ║
    ║                                                                         ║
    ║     npx playwright install                                              ║
    ║                                                                         ║
    ║ <3 Playwright Team                                                      ║
    ╚═════════════════════════════════════════════════════════════════════════╝
]]>
</failure>
</testcase>
<testcase name="IKU Cábala Activa - Flujo Completo E2E › Pricing y CTA buttons" classname="complete-flow.spec.js" time="0.005">
<failure message="complete-flow.spec.js:126:3 Pricing y CTA buttons" type="FAILURE">
<![CDATA[  [chromium] › complete-flow.spec.js:126:3 › IKU Cábala Activa - Flujo Completo E2E › Pricing y CTA buttons 

    Error: browserType.launch: Executable doesn't exist at /home/codespace/.cache/ms-playwright/chromium_headless_shell-1187/chrome-linux/headless_shell
    ╔═════════════════════════════════════════════════════════════════════════╗
    ║ Looks like Playwright Test or Playwright was just installed or updated. ║
    ║ Please run the following command to download new browsers:              ║
    ║                                                                         ║
    ║     npx playwright install                                              ║
    ║                                                                         ║
    ║ <3 Playwright Team                                                      ║
    ╚═════════════════════════════════════════════════════════════════════════╝
]]>
</failure>
</testcase>
<testcase name="IKU Cábala Activa - Flujo Completo E2E › Responsive design - Mobile" classname="complete-flow.spec.js" time="0.005">
<failure message="complete-flow.spec.js:146:3 Responsive design - Mobile" type="FAILURE">
<![CDATA[  [chromium] › complete-flow.spec.js:146:3 › IKU Cábala Activa - Flujo Completo E2E › Responsive design - Mobile 

    Error: browserType.launch: Executable doesn't exist at /home/codespace/.cache/ms-playwright/chromium_headless_shell-1187/chrome-linux/headless_shell
    ╔═════════════════════════════════════════════════════════════════════════╗
    ║ Looks like Playwright Test or Playwright was just installed or updated. ║
    ║ Please run the following command to download new browsers:              ║
    ║                                                                         ║
    ║     npx playwright install                                              ║
    ║                                                                         ║
    ║ <3 Playwright Team                                                      ║
    ╚═════════════════════════════════════════════════════════════════════════╝
]]>
</failure>
</testcase>
<testcase name="IKU Cábala Activa - Flujo Completo E2E › Performance y carga de recursos" classname="complete-flow.spec.js" time="0.005">
<failure message="complete-flow.spec.js:163:3 Performance y carga de recursos" type="FAILURE">
<![CDATA[  [chromium] › complete-flow.spec.js:163:3 › IKU Cábala Activa - Flujo Completo E2E › Performance y carga de recursos 

    Error: browserType.launch: Executable doesn't exist at /home/codespace/.cache/ms-playwright/chromium_headless_shell-1187/chrome-linux/headless_shell
    ╔═════════════════════════════════════════════════════════════════════════╗
    ║ Looks like Playwright Test or Playwright was just installed or updated. ║
    ║ Please run the following command to download new browsers:              ║
    ║                                                                         ║
    ║     npx playwright install                                              ║
    ║                                                                         ║
    ║ <3 Playwright Team                                                      ║
    ╚═════════════════════════════════════════════════════════════════════════╝
]]>
</failure>
</testcase>
<testcase name="IKU Cábala Activa - Flujo Completo E2E › SEO y meta tags" classname="complete-flow.spec.js" time="0.005">
<failure message="complete-flow.spec.js:193:3 SEO y meta tags" type="FAILURE">
<![CDATA[  [chromium] › complete-flow.spec.js:193:3 › IKU Cábala Activa - Flujo Completo E2E › SEO y meta tags 

    Error: browserType.launch: Executable doesn't exist at /home/codespace/.cache/ms-playwright/chromium_headless_shell-1187/chrome-linux/headless_shell
    ╔═════════════════════════════════════════════════════════════════════════╗
    ║ Looks like Playwright Test or Playwright was just installed or updated. ║
    ║ Please run the following command to download new browsers:              ║
    ║                                                                         ║
    ║     npx playwright install                                              ║
    ║                                                                         ║
    ║ <3 Playwright Team                                                      ║
    ╚═════════════════════════════════════════════════════════════════════════╝
]]>
</failure>
</testcase>
<testcase name="IKU Cábala Activa - Flujo Completo E2E › Accessibility básica" classname="complete-flow.spec.js" time="0.005">
<failure message="complete-flow.spec.js:206:3 Accessibility básica" type="FAILURE">
<![CDATA[  [chromium] › complete-flow.spec.js:206:3 › IKU Cábala Activa - Flujo Completo E2E › Accessibility básica 

    Error: browserType.launch: Executable doesn't exist at /home/codespace/.cache/ms-playwright/chromium_headless_shell-1187/chrome-linux/headless_shell
    ╔═════════════════════════════════════════════════════════════════════════╗
    ║ Looks like Playwright Test or Playwright was just installed or updated. ║
    ║ Please run the following command to download new browsers:              ║
    ║                                                                         ║
    ║     npx playwright install                                              ║
    ║                                                                         ║
    ║ <3 Playwright Team                                                      ║
    ╚═════════════════════════════════════════════════════════════════════════╝
]]>
</failure>
</testcase>
<testcase name="IKU Cábala Activa - Flujo Completo E2E › Error handling" classname="complete-flow.spec.js" time="0.004">
<failure message="complete-flow.spec.js:224:3 Error handling" type="FAILURE">
<![CDATA[  [chromium] › complete-flow.spec.js:224:3 › IKU Cábala Activa - Flujo Completo E2E › Error handling 

    Error: browserType.launch: Executable doesn't exist at /home/codespace/.cache/ms-playwright/chromium_headless_shell-1187/chrome-linux/headless_shell
    ╔═════════════════════════════════════════════════════════════════════════╗
    ║ Looks like Playwright Test or Playwright was just installed or updated. ║
    ║ Please run the following command to download new browsers:              ║
    ║                                                                         ║
    ║     npx playwright install                                              ║
    ║                                                                         ║
    ║ <3 Playwright Team                                                      ║
    ╚═════════════════════════════════════════════════════════════════════════╝
]]>
</failure>
</testcase>
</testsuite>
<testsuite name="critical-flow.spec.js" timestamp="2025-09-29T19:53:33.912Z" hostname="chromium" tests="5" failures="5" skipped="0" time="0.023" errors="0">
<testcase name="Critical User Flow › Homepage loads and navigation works" classname="critical-flow.spec.js" time="0.004">
<failure message="critical-flow.spec.js:4:3 Homepage loads and navigation works" type="FAILURE">
<![CDATA[  [chromium] › critical-flow.spec.js:4:3 › Critical User Flow › Homepage loads and navigation works 

    Error: browserType.launch: Executable doesn't exist at /home/codespace/.cache/ms-playwright/chromium_headless_shell-1187/chrome-linux/headless_shell
    ╔═════════════════════════════════════════════════════════════════════════╗
    ║ Looks like Playwright Test or Playwright was just installed or updated. ║
    ║ Please run the following command to download new browsers:              ║
    ║                                                                         ║
    ║     npx playwright install                                              ║
    ║                                                                         ║
    ║ <3 Playwright Team                                                      ║
    ╚═════════════════════════════════════════════════════════════════════════╝
]]>
</failure>
</testcase>
<testcase name="Critical User Flow › Contact modal functionality" classname="critical-flow.spec.js" time="0.005">
<failure message="critical-flow.spec.js:22:3 Contact modal functionality" type="FAILURE">
<![CDATA[  [chromium] › critical-flow.spec.js:22:3 › Critical User Flow › Contact modal functionality ───────

    Error: browserType.launch: Executable doesn't exist at /home/codespace/.cache/ms-playwright/chromium_headless_shell-1187/chrome-linux/headless_shell
    ╔═════════════════════════════════════════════════════════════════════════╗
    ║ Looks like Playwright Test or Playwright was just installed or updated. ║
    ║ Please run the following command to download new browsers:              ║
    ║                                                                         ║
    ║     npx playwright install                                              ║
    ║                                                                         ║
    ║ <3 Playwright Team                                                      ║
    ╚═════════════════════════════════════════════════════════════════════════╝
]]>
</failure>
</testcase>
<testcase name="Critical User Flow › Maestro YouTube link works" classname="critical-flow.spec.js" time="0.005">
<failure message="critical-flow.spec.js:41:3 Maestro YouTube link works" type="FAILURE">
<![CDATA[  [chromium] › critical-flow.spec.js:41:3 › Critical User Flow › Maestro YouTube link works ────────

    Error: browserType.launch: Executable doesn't exist at /home/codespace/.cache/ms-playwright/chromium_headless_shell-1187/chrome-linux/headless_shell
    ╔═════════════════════════════════════════════════════════════════════════╗
    ║ Looks like Playwright Test or Playwright was just installed or updated. ║
    ║ Please run the following command to download new browsers:              ║
    ║                                                                         ║
    ║     npx playwright install                                              ║
    ║                                                                         ║
    ║ <3 Playwright Team                                                      ║
    ╚═════════════════════════════════════════════════════════════════════════╝
]]>
</failure>
</testcase>
<testcase name="Critical User Flow › Pricing section displays correctly" classname="critical-flow.spec.js" time="0.005">
<failure message="critical-flow.spec.js:57:3 Pricing section displays correctly" type="FAILURE">
<![CDATA[  [chromium] › critical-flow.spec.js:57:3 › Critical User Flow › Pricing section displays correctly 

    Error: browserType.launch: Executable doesn't exist at /home/codespace/.cache/ms-playwright/chromium_headless_shell-1187/chrome-linux/headless_shell
    ╔═════════════════════════════════════════════════════════════════════════╗
    ║ Looks like Playwright Test or Playwright was just installed or updated. ║
    ║ Please run the following command to download new browsers:              ║
    ║                                                                         ║
    ║     npx playwright install                                              ║
    ║                                                                         ║
    ║ <3 Playwright Team                                                      ║
    ╚═════════════════════════════════════════════════════════════════════════╝
]]>
</failure>
</testcase>
<testcase name="Critical User Flow › Mobile responsiveness" classname="critical-flow.spec.js" time="0.004">
<failure message="critical-flow.spec.js:68:3 Mobile responsiveness" type="FAILURE">
<![CDATA[  [chromium] › critical-flow.spec.js:68:3 › Critical User Flow › Mobile responsiveness ─────────────

    Error: browserType.launch: Executable doesn't exist at /home/codespace/.cache/ms-playwright/chromium_headless_shell-1187/chrome-linux/headless_shell
    ╔═════════════════════════════════════════════════════════════════════════╗
    ║ Looks like Playwright Test or Playwright was just installed or updated. ║
    ║ Please run the following command to download new browsers:              ║
    ║                                                                         ║
    ║     npx playwright install                                              ║
    ║                                                                         ║
    ║ <3 Playwright Team                                                      ║
    ╚═════════════════════════════════════════════════════════════════════════╝
]]>
</failure>
</testcase>
</testsuite>
<testsuite name="visual-regression.spec.js" timestamp="2025-09-29T19:53:33.912Z" hostname="chromium" tests="6" failures="6" skipped="0" time="0.028" errors="0">
<testcase name="Visual Regression Tests › Homepage visual consistency" classname="visual-regression.spec.js" time="0.005">
<failure message="visual-regression.spec.js:4:3 Homepage visual consistency" type="FAILURE">
<![CDATA[  [chromium] › visual-regression.spec.js:4:3 › Visual Regression Tests › Homepage visual consistency 

    Error: browserType.launch: Executable doesn't exist at /home/codespace/.cache/ms-playwright/chromium_headless_shell-1187/chrome-linux/headless_shell
    ╔═════════════════════════════════════════════════════════════════════════╗
    ║ Looks like Playwright Test or Playwright was just installed or updated. ║
    ║ Please run the following command to download new browsers:              ║
    ║                                                                         ║
    ║     npx playwright install                                              ║
    ║                                                                         ║
    ║ <3 Playwright Team                                                      ║
    ╚═════════════════════════════════════════════════════════════════════════╝
]]>
</failure>
</testcase>
<testcase name="Visual Regression Tests › Header component visual" classname="visual-regression.spec.js" time="0.004">
<failure message="visual-regression.spec.js:15:3 Header component visual" type="FAILURE">
<![CDATA[  [chromium] › visual-regression.spec.js:15:3 › Visual Regression Tests › Header component visual ──

    Error: browserType.launch: Executable doesn't exist at /home/codespace/.cache/ms-playwright/chromium_headless_shell-1187/chrome-linux/headless_shell
    ╔═════════════════════════════════════════════════════════════════════════╗
    ║ Looks like Playwright Test or Playwright was just installed or updated. ║
    ║ Please run the following command to download new browsers:              ║
    ║                                                                         ║
    ║     npx playwright install                                              ║
    ║                                                                         ║
    ║ <3 Playwright Team                                                      ║
    ╚═════════════════════════════════════════════════════════════════════════╝
]]>
</failure>
</testcase>
<testcase name="Visual Regression Tests › Hero section visual" classname="visual-regression.spec.js" time="0.005">
<failure message="visual-regression.spec.js:23:3 Hero section visual" type="FAILURE">
<![CDATA[  [chromium] › visual-regression.spec.js:23:3 › Visual Regression Tests › Hero section visual ──────

    Error: browserType.launch: Executable doesn't exist at /home/codespace/.cache/ms-playwright/chromium_headless_shell-1187/chrome-linux/headless_shell
    ╔═════════════════════════════════════════════════════════════════════════╗
    ║ Looks like Playwright Test or Playwright was just installed or updated. ║
    ║ Please run the following command to download new browsers:              ║
    ║                                                                         ║
    ║     npx playwright install                                              ║
    ║                                                                         ║
    ║ <3 Playwright Team                                                      ║
    ╚═════════════════════════════════════════════════════════════════════════╝
]]>
</failure>
</testcase>
<testcase name="Visual Regression Tests › Pricing section visual" classname="visual-regression.spec.js" time="0.004">
<failure message="visual-regression.spec.js:31:3 Pricing section visual" type="FAILURE">
<![CDATA[  [chromium] › visual-regression.spec.js:31:3 › Visual Regression Tests › Pricing section visual ───

    Error: browserType.launch: Executable doesn't exist at /home/codespace/.cache/ms-playwright/chromium_headless_shell-1187/chrome-linux/headless_shell
    ╔═════════════════════════════════════════════════════════════════════════╗
    ║ Looks like Playwright Test or Playwright was just installed or updated. ║
    ║ Please run the following command to download new browsers:              ║
    ║                                                                         ║
    ║     npx playwright install                                              ║
    ║                                                                         ║
    ║ <3 Playwright Team                                                      ║
    ╚═════════════════════════════════════════════════════════════════════════╝
]]>
</failure>
</testcase>
<testcase name="Visual Regression Tests › Contact modal visual" classname="visual-regression.spec.js" time="0.005">
<failure message="visual-regression.spec.js:40:3 Contact modal visual" type="FAILURE">
<![CDATA[  [chromium] › visual-regression.spec.js:40:3 › Visual Regression Tests › Contact modal visual ─────

    Error: browserType.launch: Executable doesn't exist at /home/codespace/.cache/ms-playwright/chromium_headless_shell-1187/chrome-linux/headless_shell
    ╔═════════════════════════════════════════════════════════════════════════╗
    ║ Looks like Playwright Test or Playwright was just installed or updated. ║
    ║ Please run the following command to download new browsers:              ║
    ║                                                                         ║
    ║     npx playwright install                                              ║
    ║                                                                         ║
    ║ <3 Playwright Team                                                      ║
    ╚═════════════════════════════════════════════════════════════════════════╝
]]>
</failure>
</testcase>
<testcase name="Visual Regression Tests › Mobile view visual" classname="visual-regression.spec.js" time="0.005">
<failure message="visual-regression.spec.js:49:3 Mobile view visual" type="FAILURE">
<![CDATA[  [chromium] › visual-regression.spec.js:49:3 › Visual Regression Tests › Mobile view visual ───────

    Error: browserType.launch: Executable doesn't exist at /home/codespace/.cache/ms-playwright/chromium_headless_shell-1187/chrome-linux/headless_shell
    ╔═════════════════════════════════════════════════════════════════════════╗
    ║ Looks like Playwright Test or Playwright was just installed or updated. ║
    ║ Please run the following command to download new browsers:              ║
    ║                                                                         ║
    ║     npx playwright install                                              ║
    ║                                                                         ║
    ║ <3 Playwright Team                                                      ║
    ╚═════════════════════════════════════════════════════════════════════════╝
]]>
</failure>
</testcase>
</testsuite>
<testsuite name="complete-flow.spec.js" timestamp="2025-09-29T19:53:33.912Z" hostname="firefox" tests="11" failures="11" skipped="0" time="0.054" errors="0">
<testcase name="IKU Cábala Activa - Flujo Completo E2E › Carga inicial y elementos críticos" classname="complete-flow.spec.js" time="0.005">
<failure message="complete-flow.spec.js:16:3 Carga inicial y elementos críticos" type="FAILURE">
<![CDATA[  [firefox] › complete-flow.spec.js:16:3 › IKU Cábala Activa - Flujo Completo E2E › Carga inicial y elementos críticos 

    Error: browserType.launch: Executable doesn't exist at /home/codespace/.cache/ms-playwright/firefox-1490/firefox/firefox
    ╔═════════════════════════════════════════════════════════════════════════╗
    ║ Looks like Playwright Test or Playwright was just installed or updated. ║
    ║ Please run the following command to download new browsers:              ║
    ║                                                                         ║
    ║     npx playwright install                                              ║
    ║                                                                         ║
    ║ <3 Playwright Team                                                      ║
    ╚═════════════════════════════════════════════════════════════════════════╝
]]>
</failure>
</testcase>
<testcase name="IKU Cábala Activa - Flujo Completo E2E › Navegación y secciones principales" classname="complete-flow.spec.js" time="0.005">
<failure message="complete-flow.spec.js:37:3 Navegación y secciones principales" type="FAILURE">
<![CDATA[  [firefox] › complete-flow.spec.js:37:3 › IKU Cábala Activa - Flujo Completo E2E › Navegación y secciones principales 

    Error: browserType.launch: Executable doesn't exist at /home/codespace/.cache/ms-playwright/firefox-1490/firefox/firefox
    ╔═════════════════════════════════════════════════════════════════════════╗
    ║ Looks like Playwright Test or Playwright was just installed or updated. ║
    ║ Please run the following command to download new browsers:              ║
    ║                                                                         ║
    ║     npx playwright install                                              ║
    ║                                                                         ║
    ║ <3 Playwright Team                                                      ║
    ╚═════════════════════════════════════════════════════════════════════════╝
]]>
</failure>
</testcase>
<testcase name="IKU Cábala Activa - Flujo Completo E2E › Herramientas espirituales - Interacción completa" classname="complete-flow.spec.js" time="0.005">
<failure message="complete-flow.spec.js:62:3 Herramientas espirituales - Interacción completa" type="FAILURE">
<![CDATA[  [firefox] › complete-flow.spec.js:62:3 › IKU Cábala Activa - Flujo Completo E2E › Herramientas espirituales - Interacción completa 

    Error: browserType.launch: Executable doesn't exist at /home/codespace/.cache/ms-playwright/firefox-1490/firefox/firefox
    ╔═════════════════════════════════════════════════════════════════════════╗
    ║ Looks like Playwright Test or Playwright was just installed or updated. ║
    ║ Please run the following command to download new browsers:              ║
    ║                                                                         ║
    ║     npx playwright install                                              ║
    ║                                                                         ║
    ║ <3 Playwright Team                                                      ║
    ╚═════════════════════════════════════════════════════════════════════════╝
]]>
</failure>
</testcase>
<testcase name="IKU Cábala Activa - Flujo Completo E2E › Formulario de contacto - Validación completa" classname="complete-flow.spec.js" time="0.004">
<failure message="complete-flow.spec.js:89:3 Formulario de contacto - Validación completa" type="FAILURE">
<![CDATA[  [firefox] › complete-flow.spec.js:89:3 › IKU Cábala Activa - Flujo Completo E2E › Formulario de contacto - Validación completa 

    Error: browserType.launch: Executable doesn't exist at /home/codespace/.cache/ms-playwright/firefox-1490/firefox/firefox
    ╔═════════════════════════════════════════════════════════════════════════╗
    ║ Looks like Playwright Test or Playwright was just installed or updated. ║
    ║ Please run the following command to download new browsers:              ║
    ║                                                                         ║
    ║     npx playwright install                                              ║
    ║                                                                         ║
    ║ <3 Playwright Team                                                      ║
    ╚═════════════════════════════════════════════════════════════════════════╝
]]>
</failure>
</testcase>
<testcase name="IKU Cábala Activa - Flujo Completo E2E › WhatsApp integration" classname="complete-flow.spec.js" time="0.005">
<failure message="complete-flow.spec.js:115:3 WhatsApp integration" type="FAILURE">
<![CDATA[  [firefox] › complete-flow.spec.js:115:3 › IKU Cábala Activa - Flujo Completo E2E › WhatsApp integration 

    Error: browserType.launch: Executable doesn't exist at /home/codespace/.cache/ms-playwright/firefox-1490/firefox/firefox
    ╔═════════════════════════════════════════════════════════════════════════╗
    ║ Looks like Playwright Test or Playwright was just installed or updated. ║
    ║ Please run the following command to download new browsers:              ║
    ║                                                                         ║
    ║     npx playwright install                                              ║
    ║                                                                         ║
    ║ <3 Playwright Team                                                      ║
    ╚═════════════════════════════════════════════════════════════════════════╝
]]>
</failure>
</testcase>
<testcase name="IKU Cábala Activa - Flujo Completo E2E › Pricing y CTA buttons" classname="complete-flow.spec.js" time="0.005">
<failure message="complete-flow.spec.js:126:3 Pricing y CTA buttons" type="FAILURE">
<![CDATA[  [firefox] › complete-flow.spec.js:126:3 › IKU Cábala Activa - Flujo Completo E2E › Pricing y CTA buttons 

    Error: browserType.launch: Executable doesn't exist at /home/codespace/.cache/ms-playwright/firefox-1490/firefox/firefox
    ╔═════════════════════════════════════════════════════════════════════════╗
    ║ Looks like Playwright Test or Playwright was just installed or updated. ║
    ║ Please run the following command to download new browsers:              ║
    ║                                                                         ║
    ║     npx playwright install                                              ║
    ║                                                                         ║
    ║ <3 Playwright Team                                                      ║
    ╚═════════════════════════════════════════════════════════════════════════╝
]]>
</failure>
</testcase>
<testcase name="IKU Cábala Activa - Flujo Completo E2E › Responsive design - Mobile" classname="complete-flow.spec.js" time="0.005">
<failure message="complete-flow.spec.js:146:3 Responsive design - Mobile" type="FAILURE">
<![CDATA[  [firefox] › complete-flow.spec.js:146:3 › IKU Cábala Activa - Flujo Completo E2E › Responsive design - Mobile 

    Error: browserType.launch: Executable doesn't exist at /home/codespace/.cache/ms-playwright/firefox-1490/firefox/firefox
    ╔═════════════════════════════════════════════════════════════════════════╗
    ║ Looks like Playwright Test or Playwright was just installed or updated. ║
    ║ Please run the following command to download new browsers:              ║
    ║                                                                         ║
    ║     npx playwright install                                              ║
    ║                                                                         ║
    ║ <3 Playwright Team                                                      ║
    ╚═════════════════════════════════════════════════════════════════════════╝
]]>
</failure>
</testcase>
<testcase name="IKU Cábala Activa - Flujo Completo E2E › Performance y carga de recursos" classname="complete-flow.spec.js" time="0.005">
<failure message="complete-flow.spec.js:163:3 Performance y carga de recursos" type="FAILURE">
<![CDATA[  [firefox] › complete-flow.spec.js:163:3 › IKU Cábala Activa - Flujo Completo E2E › Performance y carga de recursos 

    Error: browserType.launch: Executable doesn't exist at /home/codespace/.cache/ms-playwright/firefox-1490/firefox/firefox
    ╔═════════════════════════════════════════════════════════════════════════╗
    ║ Looks like Playwright Test or Playwright was just installed or updated. ║
    ║ Please run the following command to download new browsers:              ║
    ║                                                                         ║
    ║     npx playwright install                                              ║
    ║                                                                         ║
    ║ <3 Playwright Team                                                      ║
    ╚═════════════════════════════════════════════════════════════════════════╝
]]>
</failure>
</testcase>
<testcase name="IKU Cábala Activa - Flujo Completo E2E › SEO y meta tags" classname="complete-flow.spec.js" time="0.005">
<failure message="complete-flow.spec.js:193:3 SEO y meta tags" type="FAILURE">
<![CDATA[  [firefox] › complete-flow.spec.js:193:3 › IKU Cábala Activa - Flujo Completo E2E › SEO y meta tags 

    Error: browserType.launch: Executable doesn't exist at /home/codespace/.cache/ms-playwright/firefox-1490/firefox/firefox
    ╔═════════════════════════════════════════════════════════════════════════╗
    ║ Looks like Playwright Test or Playwright was just installed or updated. ║
    ║ Please run the following command to download new browsers:              ║
    ║                                                                         ║
    ║     npx playwright install                                              ║
    ║                                                                         ║
    ║ <3 Playwright Team                                                      ║
    ╚═════════════════════════════════════════════════════════════════════════╝
]]>
</failure>
</testcase>
<testcase name="IKU Cábala Activa - Flujo Completo E2E › Accessibility básica" classname="complete-flow.spec.js" time="0.005">
<failure message="complete-flow.spec.js:206:3 Accessibility básica" type="FAILURE">
<![CDATA[  [firefox] › complete-flow.spec.js:206:3 › IKU Cábala Activa - Flujo Completo E2E › Accessibility básica 

    Error: browserType.launch: Executable doesn't exist at /home/codespace/.cache/ms-playwright/firefox-1490/firefox/firefox
    ╔═════════════════════════════════════════════════════════════════════════╗
    ║ Looks like Playwright Test or Playwright was just installed or updated. ║
    ║ Please run the following command to download new browsers:              ║
    ║                                                                         ║
    ║     npx playwright install                                              ║
    ║                                                                         ║
    ║ <3 Playwright Team                                                      ║
    ╚═════════════════════════════════════════════════════════════════════════╝
]]>
</failure>
</testcase>
<testcase name="IKU Cábala Activa - Flujo Completo E2E › Error handling" classname="complete-flow.spec.js" time="0.005">
<failure message="complete-flow.spec.js:224:3 Error handling" type="FAILURE">
<![CDATA[  [firefox] › complete-flow.spec.js:224:3 › IKU Cábala Activa - Flujo Completo E2E › Error handling 

    Error: browserType.launch: Executable doesn't exist at /home/codespace/.cache/ms-playwright/firefox-1490/firefox/firefox
    ╔═════════════════════════════════════════════════════════════════════════╗
    ║ Looks like Playwright Test or Playwright was just installed or updated. ║
    ║ Please run the following command to download new browsers:              ║
    ║                                                                         ║
    ║     npx playwright install                                              ║
    ║                                                                         ║
    ║ <3 Playwright Team                                                      ║
    ╚═════════════════════════════════════════════════════════════════════════╝
]]>
</failure>
</testcase>
</testsuite>
<testsuite name="critical-flow.spec.js" timestamp="2025-09-29T19:53:33.912Z" hostname="firefox" tests="5" failures="5" skipped="0" time="0.021" errors="0">
<testcase name="Critical User Flow › Homepage loads and navigation works" classname="critical-flow.spec.js" time="0.005">
<failure message="critical-flow.spec.js:4:3 Homepage loads and navigation works" type="FAILURE">
<![CDATA[  [firefox] › critical-flow.spec.js:4:3 › Critical User Flow › Homepage loads and navigation works ─

    Error: browserType.launch: Executable doesn't exist at /home/codespace/.cache/ms-playwright/firefox-1490/firefox/firefox
    ╔═════════════════════════════════════════════════════════════════════════╗
    ║ Looks like Playwright Test or Playwright was just installed or updated. ║
    ║ Please run the following command to download new browsers:              ║
    ║                                                                         ║
    ║     npx playwright install                                              ║
    ║                                                                         ║
    ║ <3 Playwright Team                                                      ║
    ╚═════════════════════════════════════════════════════════════════════════╝
]]>
</failure>
</testcase>
<testcase name="Critical User Flow › Contact modal functionality" classname="critical-flow.spec.js" time="0.004">
<failure message="critical-flow.spec.js:22:3 Contact modal functionality" type="FAILURE">
<![CDATA[  [firefox] › critical-flow.spec.js:22:3 › Critical User Flow › Contact modal functionality ────────

    Error: browserType.launch: Executable doesn't exist at /home/codespace/.cache/ms-playwright/firefox-1490/firefox/firefox
    ╔═════════════════════════════════════════════════════════════════════════╗
    ║ Looks like Playwright Test or Playwright was just installed or updated. ║
    ║ Please run the following command to download new browsers:              ║
    ║                                                                         ║
    ║     npx playwright install                                              ║
    ║                                                                         ║
    ║ <3 Playwright Team                                                      ║
    ╚═════════════════════════════════════════════════════════════════════════╝
]]>
</failure>
</testcase>
<testcase name="Critical User Flow › Maestro YouTube link works" classname="critical-flow.spec.js" time="0.004">
<failure message="critical-flow.spec.js:41:3 Maestro YouTube link works" type="FAILURE">
<![CDATA[  [firefox] › critical-flow.spec.js:41:3 › Critical User Flow › Maestro YouTube link works ─────────

    Error: browserType.launch: Executable doesn't exist at /home/codespace/.cache/ms-playwright/firefox-1490/firefox/firefox
    ╔═════════════════════════════════════════════════════════════════════════╗
    ║ Looks like Playwright Test or Playwright was just installed or updated. ║
    ║ Please run the following command to download new browsers:              ║
    ║                                                                         ║
    ║     npx playwright install                                              ║
    ║                                                                         ║
    ║ <3 Playwright Team                                                      ║
    ╚═════════════════════════════════════════════════════════════════════════╝
]]>
</failure>
</testcase>
<testcase name="Critical User Flow › Pricing section displays correctly" classname="critical-flow.spec.js" time="0.004">
<failure message="critical-flow.spec.js:57:3 Pricing section displays correctly" type="FAILURE">
<![CDATA[  [firefox] › critical-flow.spec.js:57:3 › Critical User Flow › Pricing section displays correctly ─

    Error: browserType.launch: Executable doesn't exist at /home/codespace/.cache/ms-playwright/firefox-1490/firefox/firefox
    ╔═════════════════════════════════════════════════════════════════════════╗
    ║ Looks like Playwright Test or Playwright was just installed or updated. ║
    ║ Please run the following command to download new browsers:              ║
    ║                                                                         ║
    ║     npx playwright install                                              ║
    ║                                                                         ║
    ║ <3 Playwright Team                                                      ║
    ╚═════════════════════════════════════════════════════════════════════════╝
]]>
</failure>
</testcase>
<testcase name="Critical User Flow › Mobile responsiveness" classname="critical-flow.spec.js" time="0.004">
<failure message="critical-flow.spec.js:68:3 Mobile responsiveness" type="FAILURE">
<![CDATA[  [firefox] › critical-flow.spec.js:68:3 › Critical User Flow › Mobile responsiveness ──────────────

    Error: browserType.launch: Executable doesn't exist at /home/codespace/.cache/ms-playwright/firefox-1490/firefox/firefox
    ╔═════════════════════════════════════════════════════════════════════════╗
    ║ Looks like Playwright Test or Playwright was just installed or updated. ║
    ║ Please run the following command to download new browsers:              ║
    ║                                                                         ║
    ║     npx playwright install                                              ║
    ║                                                                         ║
    ║ <3 Playwright Team                                                      ║
    ╚═════════════════════════════════════════════════════════════════════════╝
]]>
</failure>
</testcase>
</testsuite>
<testsuite name="visual-regression.spec.js" timestamp="2025-09-29T19:53:33.912Z" hostname="firefox" tests="6" failures="6" skipped="0" time="0.03" errors="0">
<testcase name="Visual Regression Tests › Homepage visual consistency" classname="visual-regression.spec.js" time="0.004">
<failure message="visual-regression.spec.js:4:3 Homepage visual consistency" type="FAILURE">
<![CDATA[  [firefox] › visual-regression.spec.js:4:3 › Visual Regression Tests › Homepage visual consistency 

    Error: browserType.launch: Executable doesn't exist at /home/codespace/.cache/ms-playwright/firefox-1490/firefox/firefox
    ╔═════════════════════════════════════════════════════════════════════════╗
    ║ Looks like Playwright Test or Playwright was just installed or updated. ║
    ║ Please run the following command to download new browsers:              ║
    ║                                                                         ║
    ║     npx playwright install                                              ║
    ║                                                                         ║
    ║ <3 Playwright Team                                                      ║
    ╚═════════════════════════════════════════════════════════════════════════╝
]]>
</failure>
</testcase>
<testcase name="Visual Regression Tests › Header component visual" classname="visual-regression.spec.js" time="0.005">
<failure message="visual-regression.spec.js:15:3 Header component visual" type="FAILURE">
<![CDATA[  [firefox] › visual-regression.spec.js:15:3 › Visual Regression Tests › Header component visual ───

    Error: browserType.launch: Executable doesn't exist at /home/codespace/.cache/ms-playwright/firefox-1490/firefox/firefox
    ╔═════════════════════════════════════════════════════════════════════════╗
    ║ Looks like Playwright Test or Playwright was just installed or updated. ║
    ║ Please run the following command to download new browsers:              ║
    ║                                                                         ║
    ║     npx playwright install                                              ║
    ║                                                                         ║
    ║ <3 Playwright Team                                                      ║
    ╚═════════════════════════════════════════════════════════════════════════╝
]]>
</failure>
</testcase>
<testcase name="Visual Regression Tests › Hero section visual" classname="visual-regression.spec.js" time="0.004">
<failure message="visual-regression.spec.js:23:3 Hero section visual" type="FAILURE">
<![CDATA[  [firefox] › visual-regression.spec.js:23:3 › Visual Regression Tests › Hero section visual ───────

    Error: browserType.launch: Executable doesn't exist at /home/codespace/.cache/ms-playwright/firefox-1490/firefox/firefox
    ╔═════════════════════════════════════════════════════════════════════════╗
    ║ Looks like Playwright Test or Playwright was just installed or updated. ║
    ║ Please run the following command to download new browsers:              ║
    ║                                                                         ║
    ║     npx playwright install                                              ║
    ║                                                                         ║
    ║ <3 Playwright Team                                                      ║
    ╚═════════════════════════════════════════════════════════════════════════╝
]]>
</failure>
</testcase>
<testcase name="Visual Regression Tests › Pricing section visual" classname="visual-regression.spec.js" time="0.005">
<failure message="visual-regression.spec.js:31:3 Pricing section visual" type="FAILURE">
<![CDATA[  [firefox] › visual-regression.spec.js:31:3 › Visual Regression Tests › Pricing section visual ────

    Error: browserType.launch: Executable doesn't exist at /home/codespace/.cache/ms-playwright/firefox-1490/firefox/firefox
    ╔═════════════════════════════════════════════════════════════════════════╗
    ║ Looks like Playwright Test or Playwright was just installed or updated. ║
    ║ Please run the following command to download new browsers:              ║
    ║                                                                         ║
    ║     npx playwright install                                              ║
    ║                                                                         ║
    ║ <3 Playwright Team                                                      ║
    ╚═════════════════════════════════════════════════════════════════════════╝
]]>
</failure>
</testcase>
<testcase name="Visual Regression Tests › Contact modal visual" classname="visual-regression.spec.js" time="0.006">
<failure message="visual-regression.spec.js:40:3 Contact modal visual" type="FAILURE">
<![CDATA[  [firefox] › visual-regression.spec.js:40:3 › Visual Regression Tests › Contact modal visual ──────

    Error: browserType.launch: Executable doesn't exist at /home/codespace/.cache/ms-playwright/firefox-1490/firefox/firefox
    ╔═════════════════════════════════════════════════════════════════════════╗
    ║ Looks like Playwright Test or Playwright was just installed or updated. ║
    ║ Please run the following command to download new browsers:              ║
    ║                                                                         ║
    ║     npx playwright install                                              ║
    ║                                                                         ║
    ║ <3 Playwright Team                                                      ║
    ╚═════════════════════════════════════════════════════════════════════════╝
]]>
</failure>
</testcase>
<testcase name="Visual Regression Tests › Mobile view visual" classname="visual-regression.spec.js" time="0.006">
<failure message="visual-regression.spec.js:49:3 Mobile view visual" type="FAILURE">
<![CDATA[  [firefox] › visual-regression.spec.js:49:3 › Visual Regression Tests › Mobile view visual ────────

    Error: browserType.launch: Executable doesn't exist at /home/codespace/.cache/ms-playwright/firefox-1490/firefox/firefox
    ╔═════════════════════════════════════════════════════════════════════════╗
    ║ Looks like Playwright Test or Playwright was just installed or updated. ║
    ║ Please run the following command to download new browsers:              ║
    ║                                                                         ║
    ║     npx playwright install                                              ║
    ║                                                                         ║
    ║ <3 Playwright Team                                                      ║
    ╚═════════════════════════════════════════════════════════════════════════╝
]]>
</failure>
</testcase>
</testsuite>
<testsuite name="complete-flow.spec.js" timestamp="2025-09-29T19:53:33.912Z" hostname="webkit" tests="11" failures="11" skipped="0" time="0.053" errors="0">
<testcase name="IKU Cábala Activa - Flujo Completo E2E › Carga inicial y elementos críticos" classname="complete-flow.spec.js" time="0.005">
<failure message="complete-flow.spec.js:16:3 Carga inicial y elementos críticos" type="FAILURE">
<![CDATA[  [webkit] › complete-flow.spec.js:16:3 › IKU Cábala Activa - Flujo Completo E2E › Carga inicial y elementos críticos 

    Error: browserType.launch: Executable doesn't exist at /home/codespace/.cache/ms-playwright/webkit-2203/pw_run.sh
    ╔═════════════════════════════════════════════════════════════════════════╗
    ║ Looks like Playwright Test or Playwright was just installed or updated. ║
    ║ Please run the following command to download new browsers:              ║
    ║                                                                         ║
    ║     npx playwright install                                              ║
    ║                                                                         ║
    ║ <3 Playwright Team                                                      ║
    ╚═════════════════════════════════════════════════════════════════════════╝
]]>
</failure>
</testcase>
<testcase name="IKU Cábala Activa - Flujo Completo E2E › Navegación y secciones principales" classname="complete-flow.spec.js" time="0.006">
<failure message="complete-flow.spec.js:37:3 Navegación y secciones principales" type="FAILURE">
<![CDATA[  [webkit] › complete-flow.spec.js:37:3 › IKU Cábala Activa - Flujo Completo E2E › Navegación y secciones principales 

    Error: browserType.launch: Executable doesn't exist at /home/codespace/.cache/ms-playwright/webkit-2203/pw_run.sh
    ╔═════════════════════════════════════════════════════════════════════════╗
    ║ Looks like Playwright Test or Playwright was just installed or updated. ║
    ║ Please run the following command to download new browsers:              ║
    ║                                                                         ║
    ║     npx playwright install                                              ║
    ║                                                                         ║
    ║ <3 Playwright Team                                                      ║
    ╚═════════════════════════════════════════════════════════════════════════╝
]]>
</failure>
</testcase>
<testcase name="IKU Cábala Activa - Flujo Completo E2E › Herramientas espirituales - Interacción completa" classname="complete-flow.spec.js" time="0.005">
<failure message="complete-flow.spec.js:62:3 Herramientas espirituales - Interacción completa" type="FAILURE">
<![CDATA[  [webkit] › complete-flow.spec.js:62:3 › IKU Cábala Activa - Flujo Completo E2E › Herramientas espirituales - Interacción completa 

    Error: browserType.launch: Executable doesn't exist at /home/codespace/.cache/ms-playwright/webkit-2203/pw_run.sh
    ╔═════════════════════════════════════════════════════════════════════════╗
    ║ Looks like Playwright Test or Playwright was just installed or updated. ║
    ║ Please run the following command to download new browsers:              ║
    ║                                                                         ║
    ║     npx playwright install                                              ║
    ║                                                                         ║
    ║ <3 Playwright Team                                                      ║
    ╚═════════════════════════════════════════════════════════════════════════╝
]]>
</failure>
</testcase>
<testcase name="IKU Cábala Activa - Flujo Completo E2E › Formulario de contacto - Validación completa" classname="complete-flow.spec.js" time="0.004">
<failure message="complete-flow.spec.js:89:3 Formulario de contacto - Validación completa" type="FAILURE">
<![CDATA[  [webkit] › complete-flow.spec.js:89:3 › IKU Cábala Activa - Flujo Completo E2E › Formulario de contacto - Validación completa 

    Error: browserType.launch: Executable doesn't exist at /home/codespace/.cache/ms-playwright/webkit-2203/pw_run.sh
    ╔═════════════════════════════════════════════════════════════════════════╗
    ║ Looks like Playwright Test or Playwright was just installed or updated. ║
    ║ Please run the following command to download new browsers:              ║
    ║                                                                         ║
    ║     npx playwright install                                              ║
    ║                                                                         ║
    ║ <3 Playwright Team                                                      ║
    ╚═════════════════════════════════════════════════════════════════════════╝
]]>
</failure>
</testcase>
<testcase name="IKU Cábala Activa - Flujo Completo E2E › WhatsApp integration" classname="complete-flow.spec.js" time="0.005">
<failure message="complete-flow.spec.js:115:3 WhatsApp integration" type="FAILURE">
<![CDATA[  [webkit] › complete-flow.spec.js:115:3 › IKU Cábala Activa - Flujo Completo E2E › WhatsApp integration 

    Error: browserType.launch: Executable doesn't exist at /home/codespace/.cache/ms-playwright/webkit-2203/pw_run.sh
    ╔═════════════════════════════════════════════════════════════════════════╗
    ║ Looks like Playwright Test or Playwright was just installed or updated. ║
    ║ Please run the following command to download new browsers:              ║
    ║                                                                         ║
    ║     npx playwright install                                              ║
    ║                                                                         ║
    ║ <3 Playwright Team                                                      ║
    ╚═════════════════════════════════════════════════════════════════════════╝
]]>
</failure>
</testcase>
<testcase name="IKU Cábala Activa - Flujo Completo E2E › Pricing y CTA buttons" classname="complete-flow.spec.js" time="0.005">
<failure message="complete-flow.spec.js:126:3 Pricing y CTA buttons" type="FAILURE">
<![CDATA[  [webkit] › complete-flow.spec.js:126:3 › IKU Cábala Activa - Flujo Completo E2E › Pricing y CTA buttons 

    Error: browserType.launch: Executable doesn't exist at /home/codespace/.cache/ms-playwright/webkit-2203/pw_run.sh
    ╔═════════════════════════════════════════════════════════════════════════╗
    ║ Looks like Playwright Test or Playwright was just installed or updated. ║
    ║ Please run the following command to download new browsers:              ║
    ║                                                                         ║
    ║     npx playwright install                                              ║
    ║                                                                         ║
    ║ <3 Playwright Team                                                      ║
    ╚═════════════════════════════════════════════════════════════════════════╝
]]>
</failure>
</testcase>
<testcase name="IKU Cábala Activa - Flujo Completo E2E › Responsive design - Mobile" classname="complete-flow.spec.js" time="0.004">
<failure message="complete-flow.spec.js:146:3 Responsive design - Mobile" type="FAILURE">
<![CDATA[  [webkit] › complete-flow.spec.js:146:3 › IKU Cábala Activa - Flujo Completo E2E › Responsive design - Mobile 

    Error: browserType.launch: Executable doesn't exist at /home/codespace/.cache/ms-playwright/webkit-2203/pw_run.sh
    ╔═════════════════════════════════════════════════════════════════════════╗
    ║ Looks like Playwright Test or Playwright was just installed or updated. ║
    ║ Please run the following command to download new browsers:              ║
    ║                                                                         ║
    ║     npx playwright install                                              ║
    ║                                                                         ║
    ║ <3 Playwright Team                                                      ║
    ╚═════════════════════════════════════════════════════════════════════════╝
]]>
</failure>
</testcase>
<testcase name="IKU Cábala Activa - Flujo Completo E2E › Performance y carga de recursos" classname="complete-flow.spec.js" time="0.005">
<failure message="complete-flow.spec.js:163:3 Performance y carga de recursos" type="FAILURE">
<![CDATA[  [webkit] › complete-flow.spec.js:163:3 › IKU Cábala Activa - Flujo Completo E2E › Performance y carga de recursos 

    Error: browserType.launch: Executable doesn't exist at /home/codespace/.cache/ms-playwright/webkit-2203/pw_run.sh
    ╔═════════════════════════════════════════════════════════════════════════╗
    ║ Looks like Playwright Test or Playwright was just installed or updated. ║
    ║ Please run the following command to download new browsers:              ║
    ║                                                                         ║
    ║     npx playwright install                                              ║
    ║                                                                         ║
    ║ <3 Playwright Team                                                      ║
    ╚═════════════════════════════════════════════════════════════════════════╝
]]>
</failure>
</testcase>
<testcase name="IKU Cábala Activa - Flujo Completo E2E › SEO y meta tags" classname="complete-flow.spec.js" time="0.004">
<failure message="complete-flow.spec.js:193:3 SEO y meta tags" type="FAILURE">
<![CDATA[  [webkit] › complete-flow.spec.js:193:3 › IKU Cábala Activa - Flujo Completo E2E › SEO y meta tags 

    Error: browserType.launch: Executable doesn't exist at /home/codespace/.cache/ms-playwright/webkit-2203/pw_run.sh
    ╔═════════════════════════════════════════════════════════════════════════╗
    ║ Looks like Playwright Test or Playwright was just installed or updated. ║
    ║ Please run the following command to download new browsers:              ║
    ║                                                                         ║
    ║     npx playwright install                                              ║
    ║                                                                         ║
    ║ <3 Playwright Team                                                      ║
    ╚═════════════════════════════════════════════════════════════════════════╝
]]>
</failure>
</testcase>
<testcase name="IKU Cábala Activa - Flujo Completo E2E › Accessibility básica" classname="complete-flow.spec.js" time="0.005">
<failure message="complete-flow.spec.js:206:3 Accessibility básica" type="FAILURE">
<![CDATA[  [webkit] › complete-flow.spec.js:206:3 › IKU Cábala Activa - Flujo Completo E2E › Accessibility básica 

    Error: browserType.launch: Executable doesn't exist at /home/codespace/.cache/ms-playwright/webkit-2203/pw_run.sh
    ╔═════════════════════════════════════════════════════════════════════════╗
    ║ Looks like Playwright Test or Playwright was just installed or updated. ║
    ║ Please run the following command to download new browsers:              ║
    ║                                                                         ║
    ║     npx playwright install                                              ║
    ║                                                                         ║
    ║ <3 Playwright Team                                                      ║
    ╚═════════════════════════════════════════════════════════════════════════╝
]]>
</failure>
</testcase>
<testcase name="IKU Cábala Activa - Flujo Completo E2E › Error handling" classname="complete-flow.spec.js" time="0.005">
<failure message="complete-flow.spec.js:224:3 Error handling" type="FAILURE">
<![CDATA[  [webkit] › complete-flow.spec.js:224:3 › IKU Cábala Activa - Flujo Completo E2E › Error handling ─

    Error: browserType.launch: Executable doesn't exist at /home/codespace/.cache/ms-playwright/webkit-2203/pw_run.sh
    ╔═════════════════════════════════════════════════════════════════════════╗
    ║ Looks like Playwright Test or Playwright was just installed or updated. ║
    ║ Please run the following command to download new browsers:              ║
    ║                                                                         ║
    ║     npx playwright install                                              ║
    ║                                                                         ║
    ║ <3 Playwright Team                                                      ║
    ╚═════════════════════════════════════════════════════════════════════════╝
]]>
</failure>
</testcase>
</testsuite>
<testsuite name="critical-flow.spec.js" timestamp="2025-09-29T19:53:33.912Z" hostname="webkit" tests="5" failures="5" skipped="0" time="0.021" errors="0">
<testcase name="Critical User Flow › Homepage loads and navigation works" classname="critical-flow.spec.js" time="0.004">
<failure message="critical-flow.spec.js:4:3 Homepage loads and navigation works" type="FAILURE">
<![CDATA[  [webkit] › critical-flow.spec.js:4:3 › Critical User Flow › Homepage loads and navigation works ──

    Error: browserType.launch: Executable doesn't exist at /home/codespace/.cache/ms-playwright/webkit-2203/pw_run.sh
    ╔═════════════════════════════════════════════════════════════════════════╗
    ║ Looks like Playwright Test or Playwright was just installed or updated. ║
    ║ Please run the following command to download new browsers:              ║
    ║                                                                         ║
    ║     npx playwright install                                              ║
    ║                                                                         ║
    ║ <3 Playwright Team                                                      ║
    ╚═════════════════════════════════════════════════════════════════════════╝
]]>
</failure>
</testcase>
<testcase name="Critical User Flow › Contact modal functionality" classname="critical-flow.spec.js" time="0.004">
<failure message="critical-flow.spec.js:22:3 Contact modal functionality" type="FAILURE">
<![CDATA[  [webkit] › critical-flow.spec.js:22:3 › Critical User Flow › Contact modal functionality ─────────

    Error: browserType.launch: Executable doesn't exist at /home/codespace/.cache/ms-playwright/webkit-2203/pw_run.sh
    ╔═════════════════════════════════════════════════════════════════════════╗
    ║ Looks like Playwright Test or Playwright was just installed or updated. ║
    ║ Please run the following command to download new browsers:              ║
    ║                                                                         ║
    ║     npx playwright install                                              ║
    ║                                                                         ║
    ║ <3 Playwright Team                                                      ║
    ╚═════════════════════════════════════════════════════════════════════════╝
]]>
</failure>
</testcase>
<testcase name="Critical User Flow › Maestro YouTube link works" classname="critical-flow.spec.js" time="0.004">
<failure message="critical-flow.spec.js:41:3 Maestro YouTube link works" type="FAILURE">
<![CDATA[  [webkit] › critical-flow.spec.js:41:3 › Critical User Flow › Maestro YouTube link works ──────────

    Error: browserType.launch: Executable doesn't exist at /home/codespace/.cache/ms-playwright/webkit-2203/pw_run.sh
    ╔═════════════════════════════════════════════════════════════════════════╗
    ║ Looks like Playwright Test or Playwright was just installed or updated. ║
    ║ Please run the following command to download new browsers:              ║
    ║                                                                         ║
    ║     npx playwright install                                              ║
    ║                                                                         ║
    ║ <3 Playwright Team                                                      ║
    ╚═════════════════════════════════════════════════════════════════════════╝
]]>
</failure>
</testcase>
<testcase name="Critical User Flow › Pricing section displays correctly" classname="critical-flow.spec.js" time="0.004">
<failure message="critical-flow.spec.js:57:3 Pricing section displays correctly" type="FAILURE">
<![CDATA[  [webkit] › critical-flow.spec.js:57:3 › Critical User Flow › Pricing section displays correctly ──

    Error: browserType.launch: Executable doesn't exist at /home/codespace/.cache/ms-playwright/webkit-2203/pw_run.sh
    ╔═════════════════════════════════════════════════════════════════════════╗
    ║ Looks like Playwright Test or Playwright was just installed or updated. ║
    ║ Please run the following command to download new browsers:              ║
    ║                                                                         ║
    ║     npx playwright install                                              ║
    ║                                                                         ║
    ║ <3 Playwright Team                                                      ║
    ╚═════════════════════════════════════════════════════════════════════════╝
]]>
</failure>
</testcase>
<testcase name="Critical User Flow › Mobile responsiveness" classname="critical-flow.spec.js" time="0.005">
<failure message="critical-flow.spec.js:68:3 Mobile responsiveness" type="FAILURE">
<![CDATA[  [webkit] › critical-flow.spec.js:68:3 › Critical User Flow › Mobile responsiveness ───────────────

    Error: browserType.launch: Executable doesn't exist at /home/codespace/.cache/ms-playwright/webkit-2203/pw_run.sh
    ╔═════════════════════════════════════════════════════════════════════════╗
    ║ Looks like Playwright Test or Playwright was just installed or updated. ║
    ║ Please run the following command to download new browsers:              ║
    ║                                                                         ║
    ║     npx playwright install                                              ║
    ║                                                                         ║
    ║ <3 Playwright Team                                                      ║
    ╚═════════════════════════════════════════════════════════════════════════╝
]]>
</failure>
</testcase>
</testsuite>
<testsuite name="visual-regression.spec.js" timestamp="2025-09-29T19:53:33.912Z" hostname="webkit" tests="6" failures="6" skipped="0" time="0.028" errors="0">
<testcase name="Visual Regression Tests › Homepage visual consistency" classname="visual-regression.spec.js" time="0.004">
<failure message="visual-regression.spec.js:4:3 Homepage visual consistency" type="FAILURE">
<![CDATA[  [webkit] › visual-regression.spec.js:4:3 › Visual Regression Tests › Homepage visual consistency ─

    Error: browserType.launch: Executable doesn't exist at /home/codespace/.cache/ms-playwright/webkit-2203/pw_run.sh
    ╔═════════════════════════════════════════════════════════════════════════╗
    ║ Looks like Playwright Test or Playwright was just installed or updated. ║
    ║ Please run the following command to download new browsers:              ║
    ║                                                                         ║
    ║     npx playwright install                                              ║
    ║                                                                         ║
    ║ <3 Playwright Team                                                      ║
    ╚═════════════════════════════════════════════════════════════════════════╝
]]>
</failure>
</testcase>
<testcase name="Visual Regression Tests › Header component visual" classname="visual-regression.spec.js" time="0.005">
<failure message="visual-regression.spec.js:15:3 Header component visual" type="FAILURE">
<![CDATA[  [webkit] › visual-regression.spec.js:15:3 › Visual Regression Tests › Header component visual ────

    Error: browserType.launch: Executable doesn't exist at /home/codespace/.cache/ms-playwright/webkit-2203/pw_run.sh
    ╔═════════════════════════════════════════════════════════════════════════╗
    ║ Looks like Playwright Test or Playwright was just installed or updated. ║
    ║ Please run the following command to download new browsers:              ║
    ║                                                                         ║
    ║     npx playwright install                                              ║
    ║                                                                         ║
    ║ <3 Playwright Team                                                      ║
    ╚═════════════════════════════════════════════════════════════════════════╝
]]>
</failure>
</testcase>
<testcase name="Visual Regression Tests › Hero section visual" classname="visual-regression.spec.js" time="0.005">
<failure message="visual-regression.spec.js:23:3 Hero section visual" type="FAILURE">
<![CDATA[  [webkit] › visual-regression.spec.js:23:3 › Visual Regression Tests › Hero section visual ────────

    Error: browserType.launch: Executable doesn't exist at /home/codespace/.cache/ms-playwright/webkit-2203/pw_run.sh
    ╔═════════════════════════════════════════════════════════════════════════╗
    ║ Looks like Playwright Test or Playwright was just installed or updated. ║
    ║ Please run the following command to download new browsers:              ║
    ║                                                                         ║
    ║     npx playwright install                                              ║
    ║                                                                         ║
    ║ <3 Playwright Team                                                      ║
    ╚═════════════════════════════════════════════════════════════════════════╝
]]>
</failure>
</testcase>
<testcase name="Visual Regression Tests › Pricing section visual" classname="visual-regression.spec.js" time="0.005">
<failure message="visual-regression.spec.js:31:3 Pricing section visual" type="FAILURE">
<![CDATA[  [webkit] › visual-regression.spec.js:31:3 › Visual Regression Tests › Pricing section visual ─────

    Error: browserType.launch: Executable doesn't exist at /home/codespace/.cache/ms-playwright/webkit-2203/pw_run.sh
    ╔═════════════════════════════════════════════════════════════════════════╗
    ║ Looks like Playwright Test or Playwright was just installed or updated. ║
    ║ Please run the following command to download new browsers:              ║
    ║                                                                         ║
    ║     npx playwright install                                              ║
    ║                                                                         ║
    ║ <3 Playwright Team                                                      ║
    ╚═════════════════════════════════════════════════════════════════════════╝
]]>
</failure>
</testcase>
<testcase name="Visual Regression Tests › Contact modal visual" classname="visual-regression.spec.js" time="0.004">
<failure message="visual-regression.spec.js:40:3 Contact modal visual" type="FAILURE">
<![CDATA[  [webkit] › visual-regression.spec.js:40:3 › Visual Regression Tests › Contact modal visual ───────

    Error: browserType.launch: Executable doesn't exist at /home/codespace/.cache/ms-playwright/webkit-2203/pw_run.sh
    ╔═════════════════════════════════════════════════════════════════════════╗
    ║ Looks like Playwright Test or Playwright was just installed or updated. ║
    ║ Please run the following command to download new browsers:              ║
    ║                                                                         ║
    ║     npx playwright install                                              ║
    ║                                                                         ║
    ║ <3 Playwright Team                                                      ║
    ╚═════════════════════════════════════════════════════════════════════════╝
]]>
</failure>
</testcase>
<testcase name="Visual Regression Tests › Mobile view visual" classname="visual-regression.spec.js" time="0.005">
<failure message="visual-regression.spec.js:49:3 Mobile view visual" type="FAILURE">
<![CDATA[  [webkit] › visual-regression.spec.js:49:3 › Visual Regression Tests › Mobile view visual ─────────

    Error: browserType.launch: Executable doesn't exist at /home/codespace/.cache/ms-playwright/webkit-2203/pw_run.sh
    ╔═════════════════════════════════════════════════════════════════════════╗
    ║ Looks like Playwright Test or Playwright was just installed or updated. ║
    ║ Please run the following command to download new browsers:              ║
    ║                                                                         ║
    ║     npx playwright install                                              ║
    ║                                                                         ║
    ║ <3 Playwright Team                                                      ║
    ╚═════════════════════════════════════════════════════════════════════════╝
]]>
</failure>
</testcase>
</testsuite>
<testsuite name="complete-flow.spec.js" timestamp="2025-09-29T19:53:33.912Z" hostname="Mobile Chrome" tests="11" failures="11" skipped="0" time="0.054" errors="0">
<testcase name="IKU Cábala Activa - Flujo Completo E2E › Carga inicial y elementos críticos" classname="complete-flow.spec.js" time="0.006">
<failure message="complete-flow.spec.js:16:3 Carga inicial y elementos críticos" type="FAILURE">
<![CDATA[  [Mobile Chrome] › complete-flow.spec.js:16:3 › IKU Cábala Activa - Flujo Completo E2E › Carga inicial y elementos críticos 

    Error: browserType.launch: Executable doesn't exist at /home/codespace/.cache/ms-playwright/chromium_headless_shell-1187/chrome-linux/headless_shell
    ╔═════════════════════════════════════════════════════════════════════════╗
    ║ Looks like Playwright Test or Playwright was just installed or updated. ║
    ║ Please run the following command to download new browsers:              ║
    ║                                                                         ║
    ║     npx playwright install                                              ║
    ║                                                                         ║
    ║ <3 Playwright Team                                                      ║
    ╚═════════════════════════════════════════════════════════════════════════╝
]]>
</failure>
</testcase>
<testcase name="IKU Cábala Activa - Flujo Completo E2E › Navegación y secciones principales" classname="complete-flow.spec.js" time="0.004">
<failure message="complete-flow.spec.js:37:3 Navegación y secciones principales" type="FAILURE">
<![CDATA[  [Mobile Chrome] › complete-flow.spec.js:37:3 › IKU Cábala Activa - Flujo Completo E2E › Navegación y secciones principales 

    Error: browserType.launch: Executable doesn't exist at /home/codespace/.cache/ms-playwright/chromium_headless_shell-1187/chrome-linux/headless_shell
    ╔═════════════════════════════════════════════════════════════════════════╗
    ║ Looks like Playwright Test or Playwright was just installed or updated. ║
    ║ Please run the following command to download new browsers:              ║
    ║                                                                         ║
    ║     npx playwright install                                              ║
    ║                                                                         ║
    ║ <3 Playwright Team                                                      ║
    ╚═════════════════════════════════════════════════════════════════════════╝
]]>
</failure>
</testcase>
<testcase name="IKU Cábala Activa - Flujo Completo E2E › Herramientas espirituales - Interacción completa" classname="complete-flow.spec.js" time="0.004">
<failure message="complete-flow.spec.js:62:3 Herramientas espirituales - Interacción completa" type="FAILURE">
<![CDATA[  [Mobile Chrome] › complete-flow.spec.js:62:3 › IKU Cábala Activa - Flujo Completo E2E › Herramientas espirituales - Interacción completa 

    Error: browserType.launch: Executable doesn't exist at /home/codespace/.cache/ms-playwright/chromium_headless_shell-1187/chrome-linux/headless_shell
    ╔═════════════════════════════════════════════════════════════════════════╗
    ║ Looks like Playwright Test or Playwright was just installed or updated. ║
    ║ Please run the following command to download new browsers:              ║
    ║                                                                         ║
    ║     npx playwright install                                              ║
[...]
    ╔═════════════════════════════════════════════════════════════════════════╗
    ║ Looks like Playwright Test or Playwright was just installed or updated. ║
    ║ Please run the following command to download new browsers:              ║
    ║                                                                         ║
    ║     npx playwright install                                              ║
    ║                                                                         ║
    ║ <3 Playwright Team                                                      ║
    ╚═════════════════════════════════════════════════════════════════════════╝
]]>
</failure>
</testcase>
<testcase name="IKU Cábala Activa - Flujo Completo E2E › Pricing y CTA buttons" classname="complete-flow.spec.js" time="0.006">
<failure message="complete-flow.spec.js:126:3 Pricing y CTA buttons" type="FAILURE">
<![CDATA[  [Mobile Safari] › complete-flow.spec.js:126:3 › IKU Cábala Activa - Flujo Completo E2E › Pricing y CTA buttons 

    Error: browserType.launch: Executable doesn't exist at /home/codespace/.cache/ms-playwright/webkit-2203/pw_run.sh
    ╔═════════════════════════════════════════════════════════════════════════╗
    ║ Looks like Playwright Test or Playwright was just installed or updated. ║
    ║ Please run the following command to download new browsers:              ║
    ║                                                                         ║
    ║     npx playwright install                                              ║
    ║                                                                         ║
    ║ <3 Playwright Team                                                      ║
    ╚═════════════════════════════════════════════════════════════════════════╝
]]>
</failure>
</testcase>
<testcase name="IKU Cábala Activa - Flujo Completo E2E › Responsive design - Mobile" classname="complete-flow.spec.js" time="0.005">
<failure message="complete-flow.spec.js:146:3 Responsive design - Mobile" type="FAILURE">
<![CDATA[  [Mobile Safari] › complete-flow.spec.js:146:3 › IKU Cábala Activa - Flujo Completo E2E › Responsive design - Mobile 

    Error: browserType.launch: Executable doesn't exist at /home/codespace/.cache/ms-playwright/webkit-2203/pw_run.sh
    ╔═════════════════════════════════════════════════════════════════════════╗
    ║ Looks like Playwright Test or Playwright was just installed or updated. ║
    ║ Please run the following command to download new browsers:              ║
    ║                                                                         ║
    ║     npx playwright install                                              ║
    ║                                                                         ║
    ║ <3 Playwright Team                                                      ║
    ╚═════════════════════════════════════════════════════════════════════════╝
]]>
</failure>
</testcase>
<testcase name="IKU Cábala Activa - Flujo Completo E2E › Performance y carga de recursos" classname="complete-flow.spec.js" time="0.005">
<failure message="complete-flow.spec.js:163:3 Performance y carga de recursos" type="FAILURE">
<![CDATA[  [Mobile Safari] › complete-flow.spec.js:163:3 › IKU Cábala Activa - Flujo Completo E2E › Performance y carga de recursos 

    Error: browserType.launch: Executable doesn't exist at /home/codespace/.cache/ms-playwright/webkit-2203/pw_run.sh
    ╔═════════════════════════════════════════════════════════════════════════╗
    ║ Looks like Playwright Test or Playwright was just installed or updated. ║
    ║ Please run the following command to download new browsers:              ║
    ║                                                                         ║
    ║     npx playwright install                                              ║
    ║                                                                         ║
    ║ <3 Playwright Team                                                      ║
    ╚═════════════════════════════════════════════════════════════════════════╝
]]>
</failure>
</testcase>
<testcase name="IKU Cábala Activa - Flujo Completo E2E › SEO y meta tags" classname="complete-flow.spec.js" time="0.005">
<failure message="complete-flow.spec.js:193:3 SEO y meta tags" type="FAILURE">
<![CDATA[  [Mobile Safari] › complete-flow.spec.js:193:3 › IKU Cábala Activa - Flujo Completo E2E › SEO y meta tags 

    Error: browserType.launch: Executable doesn't exist at /home/codespace/.cache/ms-playwright/webkit-2203/pw_run.sh
    ╔═════════════════════════════════════════════════════════════════════════╗
    ║ Looks like Playwright Test or Playwright was just installed or updated. ║
    ║ Please run the following command to download new browsers:              ║
    ║                                                                         ║
    ║     npx playwright install                                              ║
    ║                                                                         ║
    ║ <3 Playwright Team                                                      ║
    ╚═════════════════════════════════════════════════════════════════════════╝
]]>
</failure>
</testcase>
<testcase name="IKU Cábala Activa - Flujo Completo E2E › Accessibility básica" classname="complete-flow.spec.js" time="0.004">
<failure message="complete-flow.spec.js:206:3 Accessibility básica" type="FAILURE">
<![CDATA[  [Mobile Safari] › complete-flow.spec.js:206:3 › IKU Cábala Activa - Flujo Completo E2E › Accessibility básica 

    Error: browserType.launch: Executable doesn't exist at /home/codespace/.cache/ms-playwright/webkit-2203/pw_run.sh
    ╔═════════════════════════════════════════════════════════════════════════╗
    ║ Looks like Playwright Test or Playwright was just installed or updated. ║
    ║ Please run the following command to download new browsers:              ║
    ║                                                                         ║
    ║     npx playwright install                                              ║
    ║                                                                         ║
    ║ <3 Playwright Team                                                      ║
    ╚═════════════════════════════════════════════════════════════════════════╝
]]>
</failure>
</testcase>
<testcase name="IKU Cábala Activa - Flujo Completo E2E › Error handling" classname="complete-flow.spec.js" time="0.005">
<failure message="complete-flow.spec.js:224:3 Error handling" type="FAILURE">
<![CDATA[  [Mobile Safari] › complete-flow.spec.js:224:3 › IKU Cábala Activa - Flujo Completo E2E › Error handling 

    Error: browserType.launch: Executable doesn't exist at /home/codespace/.cache/ms-playwright/webkit-2203/pw_run.sh
    ╔═════════════════════════════════════════════════════════════════════════╗
    ║ Looks like Playwright Test or Playwright was just installed or updated. ║
    ║ Please run the following command to download new browsers:              ║
    ║                                                                         ║
    ║     npx playwright install                                              ║
    ║                                                                         ║
    ║ <3 Playwright Team                                                      ║
    ╚═════════════════════════════════════════════════════════════════════════╝
]]>
</failure>
</testcase>
</testsuite>
<testsuite name="critical-flow.spec.js" timestamp="2025-09-29T19:53:33.912Z" hostname="Mobile Safari" tests="5" failures="5" skipped="0" time="0.025" errors="0">
<testcase name="Critical User Flow › Homepage loads and navigation works" classname="critical-flow.spec.js" time="0.005">
<failure message="critical-flow.spec.js:4:3 Homepage loads and navigation works" type="FAILURE">
<![CDATA[  [Mobile Safari] › critical-flow.spec.js:4:3 › Critical User Flow › Homepage loads and navigation works 

    Error: browserType.launch: Executable doesn't exist at /home/codespace/.cache/ms-playwright/webkit-2203/pw_run.sh
    ╔═════════════════════════════════════════════════════════════════════════╗
    ║ Looks like Playwright Test or Playwright was just installed or updated. ║
    ║ Please run the following command to download new browsers:              ║
    ║                                                                         ║
    ║     npx playwright install                                              ║
    ║                                                                         ║
    ║ <3 Playwright Team                                                      ║
    ╚═════════════════════════════════════════════════════════════════════════╝
]]>
</failure>
</testcase>
<testcase name="Critical User Flow › Contact modal functionality" classname="critical-flow.spec.js" time="0.004">
<failure message="critical-flow.spec.js:22:3 Contact modal functionality" type="FAILURE">
<![CDATA[  [Mobile Safari] › critical-flow.spec.js:22:3 › Critical User Flow › Contact modal functionality ──

    Error: browserType.launch: Executable doesn't exist at /home/codespace/.cache/ms-playwright/webkit-2203/pw_run.sh
    ╔═════════════════════════════════════════════════════════════════════════╗
    ║ Looks like Playwright Test or Playwright was just installed or updated. ║
    ║ Please run the following command to download new browsers:              ║
    ║                                                                         ║
    ║     npx playwright install                                              ║
    ║                                                                         ║
    ║ <3 Playwright Team                                                      ║
    ╚═════════════════════════════════════════════════════════════════════════╝
]]>
</failure>
</testcase>
<testcase name="Critical User Flow › Maestro YouTube link works" classname="critical-flow.spec.js" time="0.006">
<failure message="critical-flow.spec.js:41:3 Maestro YouTube link works" type="FAILURE">
<![CDATA[  [Mobile Safari] › critical-flow.spec.js:41:3 › Critical User Flow › Maestro YouTube link works ───

    Error: browserType.launch: Executable doesn't exist at /home/codespace/.cache/ms-playwright/webkit-2203/pw_run.sh
    ╔═════════════════════════════════════════════════════════════════════════╗
    ║ Looks like Playwright Test or Playwright was just installed or updated. ║
    ║ Please run the following command to download new browsers:              ║
    ║                                                                         ║
    ║     npx playwright install                                              ║
    ║                                                                         ║
    ║ <3 Playwright Team                                                      ║
    ╚═════════════════════════════════════════════════════════════════════════╝
]]>
</failure>
</testcase>
<testcase name="Critical User Flow › Pricing section displays correctly" classname="critical-flow.spec.js" time="0.005">
<failure message="critical-flow.spec.js:57:3 Pricing section displays correctly" type="FAILURE">
<![CDATA[  [Mobile Safari] › critical-flow.spec.js:57:3 › Critical User Flow › Pricing section displays correctly 

    Error: browserType.launch: Executable doesn't exist at /home/codespace/.cache/ms-playwright/webkit-2203/pw_run.sh
    ╔═════════════════════════════════════════════════════════════════════════╗
    ║ Looks like Playwright Test or Playwright was just installed or updated. ║
    ║ Please run the following command to download new browsers:              ║
    ║                                                                         ║
    ║     npx playwright install                                              ║
    ║                                                                         ║
    ║ <3 Playwright Team                                                      ║
    ╚═════════════════════════════════════════════════════════════════════════╝
]]>
</failure>
</testcase>
<testcase name="Critical User Flow › Mobile responsiveness" classname="critical-flow.spec.js" time="0.005">
<failure message="critical-flow.spec.js:68:3 Mobile responsiveness" type="FAILURE">
<![CDATA[  [Mobile Safari] › critical-flow.spec.js:68:3 › Critical User Flow › Mobile responsiveness ────────

    Error: browserType.launch: Executable doesn't exist at /home/codespace/.cache/ms-playwright/webkit-2203/pw_run.sh
    ╔═════════════════════════════════════════════════════════════════════════╗
    ║ Looks like Playwright Test or Playwright was just installed or updated. ║
    ║ Please run the following command to download new browsers:              ║
    ║                                                                         ║
    ║     npx playwright install                                              ║
    ║                                                                         ║
    ║ <3 Playwright Team                                                      ║
    ╚═════════════════════════════════════════════════════════════════════════╝
]]>
</failure>
</testcase>
</testsuite>
<testsuite name="visual-regression.spec.js" timestamp="2025-09-29T19:53:33.912Z" hostname="Mobile Safari" tests="6" failures="6" skipped="0" time="0.029" errors="0">
<testcase name="Visual Regression Tests › Homepage visual consistency" classname="visual-regression.spec.js" time="0.006">
<failure message="visual-regression.spec.js:4:3 Homepage visual consistency" type="FAILURE">
<![CDATA[  [Mobile Safari] › visual-regression.spec.js:4:3 › Visual Regression Tests › Homepage visual consistency 

    Error: browserType.launch: Executable doesn't exist at /home/codespace/.cache/ms-playwright/webkit-2203/pw_run.sh
    ╔═════════════════════════════════════════════════════════════════════════╗
    ║ Looks like Playwright Test or Playwright was just installed or updated. ║
    ║ Please run the following command to download new browsers:              ║
    ║                                                                         ║
    ║     npx playwright install                                              ║
    ║                                                                         ║
    ║ <3 Playwright Team                                                      ║
    ╚═════════════════════════════════════════════════════════════════════════╝
]]>
</failure>
</testcase>
<testcase name="Visual Regression Tests › Header component visual" classname="visual-regression.spec.js" time="0.004">
<failure message="visual-regression.spec.js:15:3 Header component visual" type="FAILURE">
<![CDATA[  [Mobile Safari] › visual-regression.spec.js:15:3 › Visual Regression Tests › Header component visual 

    Error: browserType.launch: Executable doesn't exist at /home/codespace/.cache/ms-playwright/webkit-2203/pw_run.sh
    ╔═════════════════════════════════════════════════════════════════════════╗
    ║ Looks like Playwright Test or Playwright was just installed or updated. ║
    ║ Please run the following command to download new browsers:              ║
    ║                                                                         ║
    ║     npx playwright install                                              ║
    ║                                                                         ║
    ║ <3 Playwright Team                                                      ║
    ╚═════════════════════════════════════════════════════════════════════════╝
]]>
</failure>
</testcase>
<testcase name="Visual Regression Tests › Hero section visual" classname="visual-regression.spec.js" time="0.005">
<failure message="visual-regression.spec.js:23:3 Hero section visual" type="FAILURE">
<![CDATA[  [Mobile Safari] › visual-regression.spec.js:23:3 › Visual Regression Tests › Hero section visual ─

    Error: browserType.launch: Executable doesn't exist at /home/codespace/.cache/ms-playwright/webkit-2203/pw_run.sh
    ╔═════════════════════════════════════════════════════════════════════════╗
    ║ Looks like Playwright Test or Playwright was just installed or updated. ║
    ║ Please run the following command to download new browsers:              ║
    ║                                                                         ║
    ║     npx playwright install                                              ║
    ║                                                                         ║
    ║ <3 Playwright Team                                                      ║
    ╚═════════════════════════════════════════════════════════════════════════╝
]]>
</failure>
</testcase>
<testcase name="Visual Regression Tests › Pricing section visual" classname="visual-regression.spec.js" time="0.006">
<failure message="visual-regression.spec.js:31:3 Pricing section visual" type="FAILURE">
<![CDATA[  [Mobile Safari] › visual-regression.spec.js:31:3 › Visual Regression Tests › Pricing section visual 

    Error: browserType.launch: Executable doesn't exist at /home/codespace/.cache/ms-playwright/webkit-2203/pw_run.sh
    ╔═════════════════════════════════════════════════════════════════════════╗
    ║ Looks like Playwright Test or Playwright was just installed or updated. ║
    ║ Please run the following command to download new browsers:              ║
    ║                                                                         ║
    ║     npx playwright install                                              ║
    ║                                                                         ║
    ║ <3 Playwright Team                                                      ║
    ╚═════════════════════════════════════════════════════════════════════════╝
]]>
</failure>
</testcase>
<testcase name="Visual Regression Tests › Contact modal visual" classname="visual-regression.spec.js" time="0.004">
<failure message="visual-regression.spec.js:40:3 Contact modal visual" type="FAILURE">
<![CDATA[  [Mobile Safari] › visual-regression.spec.js:40:3 › Visual Regression Tests › Contact modal visual 

    Error: browserType.launch: Executable doesn't exist at /home/codespace/.cache/ms-playwright/webkit-2203/pw_run.sh
    ╔═════════════════════════════════════════════════════════════════════════╗
    ║ Looks like Playwright Test or Playwright was just installed or updated. ║
    ║ Please run the following command to download new browsers:              ║
    ║                                                                         ║
    ║     npx playwright install                                              ║
    ║                                                                         ║
    ║ <3 Playwright Team                                                      ║
    ╚═════════════════════════════════════════════════════════════════════════╝
]]>
</failure>
</testcase>
<testcase name="Visual Regression Tests › Mobile view visual" classname="visual-regression.spec.js" time="0.004">
<failure message="visual-regression.spec.js:49:3 Mobile view visual" type="FAILURE">
<![CDATA[  [Mobile Safari] › visual-regression.spec.js:49:3 › Visual Regression Tests › Mobile view visual ──

    Error: browserType.launch: Executable doesn't exist at /home/codespace/.cache/ms-playwright/webkit-2203/pw_run.sh
    ╔═════════════════════════════════════════════════════════════════════════╗
    ║ Looks like Playwright Test or Playwright was just installed or updated. ║
    ║ Please run the following command to download new browsers:              ║
    ║                                                                         ║
    ║     npx playwright install                                              ║
    ║                                                                         ║
    ║ <3 Playwright Team                                                      ║
    ╚═════════════════════════════════════════════════════════════════════════╝
]]>
</failure>
</testcase>
</testsuite>
</testsuites>